<?xml version="1.0" encoding="UTF-8"?>
<robot generator="Robot 3.2.2 (Python 3.9.1 on win32)" generated="20210529 12:47:18.506" rpa="false">
<suite id="s1" name="Tests" source="D:\pessoal\desafio_pb\git\desafio_tecnico_qa_pb\desafio_pratico\tests">
<suite id="s1-s1" name="Flowtests.Tests" source="D:\pessoal\desafio_pb\git\desafio_tecnico_qa_pb\desafio_pratico\tests\flowtests.tests.robot">
<test id="s1-s1-t1" name="Test Case 01: Validate Start function">
<kw name="Start Test" library="hooks.pages.commons" type="setup">
<kw name="Open Browser" library="SeleniumLibrary">
<doc>Opens a new browser instance to the optional ``url``.</doc>
<arguments>
<arg>${BASE_URL}</arg>
<arg>${BROWSER}</arg>
</arguments>
<msg timestamp="20210529 12:47:18.679" level="INFO">Opening browser 'chrome' to base url 'https://the-internet.herokuapp.com/dynamic_loading/1'.</msg>
<status status="PASS" starttime="20210529 12:47:18.679" endtime="20210529 12:47:24.393"></status>
</kw>
<kw name="Set Window Size" library="SeleniumLibrary">
<doc>Sets current windows size to given ``width`` and ``height``.</doc>
<arguments>
<arg>${BROWSER_CUSTOMER_WIDTH}</arg>
<arg>${BROWSER_CUSTOMER_HEIGHT}</arg>
</arguments>
<status status="PASS" starttime="20210529 12:47:24.393" endtime="20210529 12:47:24.506"></status>
</kw>
<kw name="Set Selenium Implicit Wait" library="SeleniumLibrary">
<doc>Sets the implicit wait value used by Selenium.</doc>
<arguments>
<arg>${TIME_TO_WAIT}</arg>
</arguments>
<status status="PASS" starttime="20210529 12:47:24.506" endtime="20210529 12:47:24.507"></status>
</kw>
<status status="PASS" starttime="20210529 12:47:18.679" endtime="20210529 12:47:24.507"></status>
</kw>
<kw name="Click the Start button" library="dynamicLoading.pages">
<kw name="Click Element" library="SeleniumLibrary">
<doc>Click the element identified by ``locator``.</doc>
<arguments>
<arg>${BUTTON_START}</arg>
</arguments>
<msg timestamp="20210529 12:47:24.508" level="INFO">Clicking element 'css=div[id="start"] button'.</msg>
<status status="PASS" starttime="20210529 12:47:24.508" endtime="20210529 12:47:24.549"></status>
</kw>
<status status="PASS" starttime="20210529 12:47:24.508" endtime="20210529 12:47:24.549"></status>
</kw>
<kw name="Waint until the Label Finish Is Visible" library="dynamicLoading.pages">
<kw name="Wait Until Element Is Visible" library="SeleniumLibrary">
<doc>Waits until the element ``locator`` is visible.</doc>
<arguments>
<arg>${LABEL_FINISH}</arg>
<arg>timeout=10</arg>
</arguments>
<status status="PASS" starttime="20210529 12:47:24.550" endtime="20210529 12:47:29.681"></status>
</kw>
<status status="PASS" starttime="20210529 12:47:24.550" endtime="20210529 12:47:29.681"></status>
</kw>
<kw name="Checking if the Label Finish contains the text &quot;Hello World!&quot;" library="dynamicLoading.pages">
<kw name="Element Should Contain" library="SeleniumLibrary">
<doc>Verifies that element ``locator`` contains text ``expected``.</doc>
<arguments>
<arg>${LABEL_FINISH}</arg>
<arg>${MESSAGE_TEXT}</arg>
</arguments>
<msg timestamp="20210529 12:47:29.698" level="INFO">Element 'css=div[id="finish"]' contains text 'Hello World!'.</msg>
<status status="PASS" starttime="20210529 12:47:29.682" endtime="20210529 12:47:29.698"></status>
</kw>
<status status="PASS" starttime="20210529 12:47:29.682" endtime="20210529 12:47:29.698"></status>
</kw>
<kw name="Finish Test" library="hooks.pages.commons" type="teardown">
<kw name="Capture Page Screenshot" library="SeleniumLibrary">
<doc>Takes a screenshot of the current page and embeds it into a log file.</doc>
<msg timestamp="20210529 12:47:29.764" level="INFO" html="yes">&lt;/td&gt;&lt;/tr&gt;&lt;tr&gt;&lt;td colspan="3"&gt;&lt;a href="selenium-screenshot-1.png"&gt;&lt;img src="selenium-screenshot-1.png" width="800px"&gt;&lt;/a&gt;</msg>
<status status="PASS" starttime="20210529 12:47:29.700" endtime="20210529 12:47:29.764"></status>
</kw>
<kw name="Close Browser" library="SeleniumLibrary">
<doc>Closes the current browser.</doc>
<status status="PASS" starttime="20210529 12:47:29.764" endtime="20210529 12:47:31.855"></status>
</kw>
<status status="PASS" starttime="20210529 12:47:29.699" endtime="20210529 12:47:31.855"></status>
</kw>
<status status="PASS" starttime="20210529 12:47:18.678" endtime="20210529 12:47:31.856" critical="yes"></status>
</test>
<doc>The purpose of this test case is to validate that the application displays the text "Hello World!" after executing the Start function.</doc>
<status status="PASS" starttime="20210529 12:47:18.528" endtime="20210529 12:47:31.859"></status>
</suite>
<status status="PASS" starttime="20210529 12:47:18.508" endtime="20210529 12:47:31.861"></status>
</suite>
<statistics>
<total>
<stat pass="1" fail="0">Critical Tests</stat>
<stat pass="1" fail="0">All Tests</stat>
</total>
<tag>
</tag>
<suite>
<stat pass="1" fail="0" id="s1" name="Tests">Tests</stat>
<stat pass="1" fail="0" id="s1-s1" name="Flowtests.Tests">Tests.Flowtests.Tests</stat>
</suite>
</statistics>
<errors>
</errors>
</robot>
